
> codearena-bot-studio@0.1.0 build
> next build

  ▲ Next.js 14.2.3

   Creating an optimized production build ...
 ✓ Compiled successfully
   Linting and checking validity of types ...
   Collecting page data ...
   Generating static pages (0/4) ...
   Generating static pages (1/4) 
   Generating static pages (2/4) 
   Generating static pages (3/4) 
 ✓ Generating static pages (4/4)
   Finalizing page optimization ...
   Collecting build traces ...

Route (app)                              Size     First Load JS
┌ ƒ /                                    245 kB          332 kB
└ ○ /_not-found                          873 B          87.9 kB
+ First Load JS shared by all            87 kB
  ├ chunks/205-d6805ff9f531421e.js       31.5 kB
  ├ chunks/618f8807-e1c5199ff83a51c9.js  53.6 kB
  └ other shared chunks (total)          1.9 kB


○  (Static)   prerendered as static content
ƒ  (Dynamic)  server-rendered on demand

